sst0405/build/outputs/logs/manifest-merger-debug-report.txt
-- Merging decision tree log ---
manifest
ADDED from src\main\AndroidManifest.xml:2:1-761:12
	package
		ADDED from src\main\AndroidManifest.xml:3:5-35
		INJECTED from src\main\AndroidManifest.xml
		INJECTED from src\main\AndroidManifest.xml
	android:versionName
		ADDED from src\main\AndroidManifest.xml:6:5-30
		INJECTED from src\main\AndroidManifest.xml
		INJECTED from src\main\AndroidManifest.xml
	android:versionCode
		ADDED from src\main\AndroidManifest.xml:5:5-28
		INJECTED from src\main\AndroidManifest.xml
		INJECTED from src\main\AndroidManifest.xml
	xmlns:android
		ADDED from src\main\AndroidManifest.xml:2:11-69
	android:installLocation
		ADDED from src\main\AndroidManifest.xml:4:5-45
uses-feature#0x00020000
ADDED from src\main\AndroidManifest.xml:7:2-88
	android:glEsVersion
		ADDED from src\main\AndroidManifest.xml:7:16-48
	android:required
		ADDED from src\main\AndroidManifest.xml:7:49-72
permission#com.test.jpushServer.permission.JPUSH_MESSAGE
ADDED from src\main\AndroidManifest.xml:8:5-10:47
	android:protectionLevel
		ADDED from src\main\AndroidManifest.xml:10:9-44
	android:name
		ADDED from src\main\AndroidManifest.xml:9:9-69
uses-sdk
ADDED from src\main\AndroidManifest.xml:11:5-43
MERGED from [sst0405:p2PCoresst0405:unspecified] AndroidManifest.xml:7:5-9:41
	android:targetSdkVersion
		INJECTED from src\main\AndroidManifest.xml
		INJECTED from src\main\AndroidManifest.xml
	android:minSdkVersion
		ADDED from src\main\AndroidManifest.xml:11:15-40
		INJECTED from src\main\AndroidManifest.xml
		INJECTED from src\main\AndroidManifest.xml
application
ADDED from src\main\AndroidManifest.xml:13:5-721:19
	android:label
		ADDED from src\main\AndroidManifest.xml:17:9-41
	android:icon
		ADDED from src\main\AndroidManifest.xml:15:9-45
	android:persistent
		ADDED from src\main\AndroidManifest.xml:16:9-34
	android:name
		ADDED from src\main\AndroidManifest.xml:14:9-45
activity#com.jwkj.activity.LogoActivity
ADDED from src\main\AndroidManifest.xml:19:3-28:14
	android:screenOrientation
		ADDED from src\main\AndroidManifest.xml:20:7-43
	android:label
		ADDED from src\main\AndroidManifest.xml:23:4-36
	android:configChanges
		ADDED from src\main\AndroidManifest.xml:21:4-46
	android:theme
		ADDED from src\main\AndroidManifest.xml:22:7-65
	android:name
		ADDED from src\main\AndroidManifest.xml:19:13-58
intent-filter#android.intent.action.MAIN+android.intent.category.LAUNCHER
ADDED from src\main\AndroidManifest.xml:24:4-27:20
action#android.intent.action.MAIN
ADDED from src\main\AndroidManifest.xml:25:8-60
	android:name
		ADDED from src\main\AndroidManifest.xml:25:16-57
category#android.intent.category.LAUNCHER
ADDED from src\main\AndroidManifest.xml:26:17-77
	android:name
		ADDED from src\main\AndroidManifest.xml:26:27-74
activity#com.jwkj.activity.AlarmFireLinkActivity
ADDED from src\main\AndroidManifest.xml:30:3-40:14
	android:screenOrientation
		ADDED from src\main\AndroidManifest.xml:35:4-40
	android:label
		ADDED from src\main\AndroidManifest.xml:36:4-36
	android:launchMode
		ADDED from src\main\AndroidManifest.xml:31:7-38
	android:windowSoftInputMode
		ADDED from src\main\AndroidManifest.xml:33:7-54
	android:configChanges
		ADDED from src\main\AndroidManifest.xml:34:4-54
	android:theme
		ADDED from src\main\AndroidManifest.xml:32:7-54
	android:name
		ADDED from src\main\AndroidManifest.xml:30:13-67
intent-filter#android.intent.category.DEFAULT
ADDED from src\main\AndroidManifest.xml:37:4-39:20
category#android.intent.category.DEFAULT
ADDED from src\main\AndroidManifest.xml:38:8-67
	android:name
		ADDED from src\main\AndroidManifest.xml:38:18-64
activity#com.jwkj.activity.MainActivity
ADDED from src\main\AndroidManifest.xml:42:3-52:14
	android:screenOrientation
		ADDED from src\main\AndroidManifest.xml:47:4-40
	android:label
		ADDED from src\main\AndroidManifest.xml:48:4-36
	android:launchMode
		ADDED from src\main\AndroidManifest.xml:43:7-38
	android:windowSoftInputMode
		ADDED from src\main\AndroidManifest.xml:45:7-54
	android:configChanges
		ADDED from src\main\AndroidManifest.xml:46:4-46
	android:theme
		ADDED from src\main\AndroidManifest.xml:44:7-54
	android:name
		ADDED from src\main\AndroidManifest.xml:42:13-58
activity#com.jwkj.activity.LoginActivity
ADDED from src\main\AndroidManifest.xml:54:9-62:20
	android:screenOrientation
		ADDED from src\main\AndroidManifest.xml:56:13-49
	android:label
		ADDED from src\main\AndroidManifest.xml:58:13-45
	android:launchMode
		ADDED from src\main\AndroidManifest.xml:55:13-44
	android:theme
		ADDED from src\main\AndroidManifest.xml:57:13-60
	android:name
		ADDED from src\main\AndroidManifest.xml:54:19-65
activity#com.jwkj.CallActivity
ADDED from src\main\AndroidManifest.xml:64:10-74:20
	android:screenOrientation
		ADDED from src\main\AndroidManifest.xml:68:13-49
	android:label
		ADDED from src\main\AndroidManifest.xml:70:13-45
	android:launchMode
		ADDED from src\main\AndroidManifest.xml:66:13-44
	android:configChanges
		ADDED from src\main\AndroidManifest.xml:69:13-63
	android:theme
		ADDED from src\main\AndroidManifest.xml:67:13-71
	android:name
		ADDED from src\main\AndroidManifest.xml:65:13-49
activity#com.jwkj.activity.ImageCheckActivity
ADDED from src\main\AndroidManifest.xml:76:10-83:20
	android:screenOrientation
		ADDED from src\main\AndroidManifest.xml:80:13-49
	android:label
		ADDED from src\main\AndroidManifest.xml:82:13-45
	android:launchMode
		ADDED from src\main\AndroidManifest.xml:78:13-44
	android:configChanges
		ADDED from src\main\AndroidManifest.xml:81:13-63
	android:theme
		ADDED from src\main\AndroidManifest.xml:79:13-71
	android:name
		ADDED from src\main\AndroidManifest.xml:77:13-64
activity#com.jwkj.activity.RegisterActivity
ADDED from src\main\AndroidManifest.xml:85:9-95:14
	android:clearTaskOnLaunch
		ADDED from src\main\AndroidManifest.xml:89:13-46
	android:screenOrientation
		ADDED from src\main\AndroidManifest.xml:86:4-40
	android:label
		ADDED from src\main\AndroidManifest.xml:91:4-36
	android:windowSoftInputMode
		ADDED from src\main\AndroidManifest.xml:87:4-46
	android:configChanges
		ADDED from src\main\AndroidManifest.xml:85:69-111
	android:alwaysRetainTaskState
		ADDED from src\main\AndroidManifest.xml:88:4-40
	android:theme
		ADDED from src\main\AndroidManifest.xml:90:4-51
	android:name
		ADDED from src\main\AndroidManifest.xml:85:19-68
activity#com.jwkj.activity.RegisterActivity2
ADDED from src\main\AndroidManifest.xml:96:3-104:14
	android:screenOrientation
		ADDED from src\main\AndroidManifest.xml:97:4-40
	android:label
		ADDED from src\main\AndroidManifest.xml:100:4-36
	android:windowSoftInputMode
		ADDED from src\main\AndroidManifest.xml:98:4-46
	android:configChanges
		ADDED from src\main\AndroidManifest.xml:96:64-106
	android:theme
		ADDED from src\main\AndroidManifest.xml:99:4-51
	android:name
		ADDED from src\main\AndroidManifest.xml:96:13-63
activity#com.jwkj.activity.VerifyPhoneActivity
ADDED from src\main\AndroidManifest.xml:105:3-113:14
	android:screenOrientation
		ADDED from src\main\AndroidManifest.xml:106:4-40
	android:label
		ADDED from src\main\AndroidManifest.xml:109:4-36
	android:windowSoftInputMode
		ADDED from src\main\AndroidManifest.xml:107:4-46
	android:configChanges
		ADDED from src\main\AndroidManifest.xml:105:66-108
	android:theme
		ADDED from src\main\AndroidManifest.xml:108:4-51
	android:name
		ADDED from src\main\AndroidManifest.xml:105:13-65
activity#com.jwkj.activity.AboutActivity
ADDED from src\main\AndroidManifest.xml:114:3-121:14
	android:screenOrientation
		ADDED from src\main\AndroidManifest.xml:115:4-40
	android:label
		ADDED from src\main\AndroidManifest.xml:117:4-36
	android:configChanges
		ADDED from src\main\AndroidManifest.xml:114:60-102
	android:theme
		ADDED from src\main\AndroidManifest.xml:116:5-52
	android:name
		ADDED from src\main\AndroidManifest.xml:114:13-59
activity#com.jwkj.MonitorActivity
ADDED from src\main\AndroidManifest.xml:122:3-129:14
	android:screenOrientation
		ADDED from src\main\AndroidManifest.xml:123:7-44
	android:label
		ADDED from src\main\AndroidManifest.xml:125:4-36
	android:configChanges
		ADDED from src\main\AndroidManifest.xml:122:53-95
	android:theme
		ADDED from src\main\AndroidManifest.xml:124:4-62
	android:name
		ADDED from src\main\AndroidManifest.xml:122:13-52
activity#com.jwkj.VideoActivity
ADDED from src\main\AndroidManifest.xml:130:3-137:14
	android:screenOrientation
		ADDED from src\main\AndroidManifest.xml:131:4-41
	android:label
		ADDED from src\main\AndroidManifest.xml:133:4-36
	android:configChanges
		ADDED from src\main\AndroidManifest.xml:130:51-93
	android:theme
		ADDED from src\main\AndroidManifest.xml:132:4-62
	android:name
		ADDED from src\main\AndroidManifest.xml:130:13-50
activity#com.jwkj.activity.SettingSystemActivity
ADDED from src\main\AndroidManifest.xml:138:3-145:14
	android:screenOrientation
		ADDED from src\main\AndroidManifest.xml:139:7-43
	android:label
		ADDED from src\main\AndroidManifest.xml:141:4-36
	android:configChanges
		ADDED from src\main\AndroidManifest.xml:138:68-110
	android:theme
		ADDED from src\main\AndroidManifest.xml:140:7-54
	android:name
		ADDED from src\main\AndroidManifest.xml:138:13-67
activity#com.jwkj.activity.CutImageActivity
ADDED from src\main\AndroidManifest.xml:146:3-153:14
	android:screenOrientation
		ADDED from src\main\AndroidManifest.xml:147:7-43
	android:label
		ADDED from src\main\AndroidManifest.xml:149:4-36
	android:configChanges
		ADDED from src\main\AndroidManifest.xml:146:63-105
	android:theme
		ADDED from src\main\AndroidManifest.xml:148:7-65
	android:name
		ADDED from src\main\AndroidManifest.xml:146:13-62
activity#com.jwkj.activity.AccountInfoActivity
ADDED from src\main\AndroidManifest.xml:154:3-161:14
	android:screenOrientation
		ADDED from src\main\AndroidManifest.xml:155:7-43
	android:label
		ADDED from src\main\AndroidManifest.xml:157:4-36
	android:configChanges
		ADDED from src\main\AndroidManifest.xml:154:66-108
	android:theme
		ADDED from src\main\AndroidManifest.xml:156:7-54
	android:name
		ADDED from src\main\AndroidManifest.xml:154:13-65
activity#com.jwkj.activity.LocalDeviceListActivity
ADDED from src\main\AndroidManifest.xml:162:3-170:14
	android:screenOrientation
		ADDED from src\main\AndroidManifest.xml:164:7-43
	android:label
		ADDED from src\main\AndroidManifest.xml:166:4-36
	android:launchMode
		ADDED from src\main\AndroidManifest.xml:163:7-38
	android:configChanges
		ADDED from src\main\AndroidManifest.xml:162:70-112
	android:theme
		ADDED from src\main\AndroidManifest.xml:165:7-54
	android:name
		ADDED from src\main\AndroidManifest.xml:162:13-69
activity#com.jwkj.activity.SettingBellRingActivity
ADDED from src\main\AndroidManifest.xml:171:3-178:14
	android:screenOrientation
		ADDED from src\main\AndroidManifest.xml:172:7-43
	android:label
		ADDED from src\main\AndroidManifest.xml:174:4-36
	android:configChanges
		ADDED from src\main\AndroidManifest.xml:171:70-112
	android:theme
		ADDED from src\main\AndroidManifest.xml:173:7-54
	android:name
		ADDED from src\main\AndroidManifest.xml:171:13-69
activity#com.jwkj.activity.SettingSdBellActivity
ADDED from src\main\AndroidManifest.xml:179:3-186:14
	android:screenOrientation
		ADDED from src\main\AndroidManifest.xml:180:7-43
	android:label
		ADDED from src\main\AndroidManifest.xml:182:4-36
	android:configChanges
		ADDED from src\main\AndroidManifest.xml:179:68-110
	android:theme
		ADDED from src\main\AndroidManifest.xml:181:7-54
	android:name
		ADDED from src\main\AndroidManifest.xml:179:13-67
activity#com.jwkj.activity.MainControlActivity
ADDED from src\main\AndroidManifest.xml:187:3-196:14
	android:screenOrientation
		ADDED from src\main\AndroidManifest.xml:188:4-40
	android:label
		ADDED from src\main\AndroidManifest.xml:192:4-36
	android:windowSoftInputMode
		ADDED from src\main\AndroidManifest.xml:187:66-107
	android:configChanges
		ADDED from src\main\AndroidManifest.xml:189:4-46
	android:alwaysRetainTaskState
		ADDED from src\main\AndroidManifest.xml:190:4-40
	android:theme
		ADDED from src\main\AndroidManifest.xml:191:4-51
	android:name
		ADDED from src\main\AndroidManifest.xml:187:13-65
activity#com.jwkj.activity.AlarmActivity
ADDED from src\main\AndroidManifest.xml:197:3-205:14
	android:screenOrientation
		ADDED from src\main\AndroidManifest.xml:198:4-40
	android:label
		ADDED from src\main\AndroidManifest.xml:201:4-36
	android:windowSoftInputMode
		ADDED from src\main\AndroidManifest.xml:197:60-101
	android:configChanges
		ADDED from src\main\AndroidManifest.xml:199:4-46
	android:theme
		ADDED from src\main\AndroidManifest.xml:200:4-63
	android:name
		ADDED from src\main\AndroidManifest.xml:197:13-59
activity#com.jwkj.activity.DeviceUpdateActivity
ADDED from src\main\AndroidManifest.xml:207:3-215:14
	android:screenOrientation
		ADDED from src\main\AndroidManifest.xml:208:4-40
	android:label
		ADDED from src\main\AndroidManifest.xml:211:4-36
	android:windowSoftInputMode
		ADDED from src\main\AndroidManifest.xml:207:67-108
	android:configChanges
		ADDED from src\main\AndroidManifest.xml:209:4-46
	android:theme
		ADDED from src\main\AndroidManifest.xml:210:4-40
	android:name
		ADDED from src\main\AndroidManifest.xml:207:13-66
activity#com.jwkj.activity.QRCodeActivity
ADDED from src\main\AndroidManifest.xml:216:3-225:14
	android:screenOrientation
		ADDED from src\main\AndroidManifest.xml:218:4-40
	android:label
		ADDED from src\main\AndroidManifest.xml:221:4-36
	android:launchMode
		ADDED from src\main\AndroidManifest.xml:217:4-35
	android:windowSoftInputMode
		ADDED from src\main\AndroidManifest.xml:216:61-102
	android:configChanges
		ADDED from src\main\AndroidManifest.xml:219:4-46
	android:theme
		ADDED from src\main\AndroidManifest.xml:220:4-41
	android:name
		ADDED from src\main\AndroidManifest.xml:216:13-60
activity#com.jwkj.activity.AlarmRecordActivity
ADDED from src\main\AndroidManifest.xml:227:3-235:14
	android:screenOrientation
		ADDED from src\main\AndroidManifest.xml:228:4-40
	android:label
		ADDED from src\main\AndroidManifest.xml:231:4-36
	android:windowSoftInputMode
		ADDED from src\main\AndroidManifest.xml:227:66-107
	android:configChanges
		ADDED from src\main\AndroidManifest.xml:229:4-46
	android:theme
		ADDED from src\main\AndroidManifest.xml:230:4-51
	android:name
		ADDED from src\main\AndroidManifest.xml:227:13-65
activity#com.jwkj.activity.ForwardActivity
ADDED from src\main\AndroidManifest.xml:237:3-245:14
	android:screenOrientation
		ADDED from src\main\AndroidManifest.xml:238:4-40
	android:label
		ADDED from src\main\AndroidManifest.xml:241:4-36
	android:windowSoftInputMode
		ADDED from src\main\AndroidManifest.xml:237:62-103
	android:configChanges
		ADDED from src\main\AndroidManifest.xml:239:4-46
	android:theme
		ADDED from src\main\AndroidManifest.xml:240:5-52
	android:name
		ADDED from src\main\AndroidManifest.xml:237:13-61
activity#com.jwkj.activity.ForwardDownActivity
ADDED from src\main\AndroidManifest.xml:247:3-255:14
	android:screenOrientation
		ADDED from src\main\AndroidManifest.xml:248:4-40
	android:label
		ADDED from src\main\AndroidManifest.xml:251:4-36
	android:windowSoftInputMode
		ADDED from src\main\AndroidManifest.xml:247:66-107
	android:configChanges
		ADDED from src\main\AndroidManifest.xml:249:4-46
	android:theme
		ADDED from src\main\AndroidManifest.xml:250:5-52
	android:name
		ADDED from src\main\AndroidManifest.xml:247:13-65
activity#com.jwkj.activity.AlarmSetActivity
ADDED from src\main\AndroidManifest.xml:256:3-264:14
	android:screenOrientation
		ADDED from src\main\AndroidManifest.xml:257:4-40
	android:label
		ADDED from src\main\AndroidManifest.xml:260:4-36
	android:windowSoftInputMode
		ADDED from src\main\AndroidManifest.xml:256:63-104
	android:configChanges
		ADDED from src\main\AndroidManifest.xml:258:4-46
	android:theme
		ADDED from src\main\AndroidManifest.xml:259:5-52
	android:name
		ADDED from src\main\AndroidManifest.xml:256:13-62
activity#com.jwkj.PlayBackListActivity
ADDED from src\main\AndroidManifest.xml:265:3-273:14
	android:screenOrientation
		ADDED from src\main\AndroidManifest.xml:266:4-40
	android:label
		ADDED from src\main\AndroidManifest.xml:269:4-36
	android:windowSoftInputMode
		ADDED from src\main\AndroidManifest.xml:265:58-117
	android:configChanges
		ADDED from src\main\AndroidManifest.xml:267:4-61
	android:theme
		ADDED from src\main\AndroidManifest.xml:268:4-51
	android:name
		ADDED from src\main\AndroidManifest.xml:265:13-57
activity#com.jwkj.PlayBackActivity
ADDED from src\main\AndroidManifest.xml:274:3-281:14
	android:screenOrientation
		ADDED from src\main\AndroidManifest.xml:275:7-44
	android:label
		ADDED from src\main\AndroidManifest.xml:277:4-36
	android:configChanges
		ADDED from src\main\AndroidManifest.xml:274:54-96
	android:theme
		ADDED from src\main\AndroidManifest.xml:276:4-62
	android:name
		ADDED from src\main\AndroidManifest.xml:274:13-53
activity#com.jwkj.activity.SysMsgActivity
ADDED from src\main\AndroidManifest.xml:282:3-290:14
	android:screenOrientation
		ADDED from src\main\AndroidManifest.xml:283:4-40
	android:label
		ADDED from src\main\AndroidManifest.xml:286:4-36
	android:windowSoftInputMode
		ADDED from src\main\AndroidManifest.xml:282:61-120
	android:configChanges
		ADDED from src\main\AndroidManifest.xml:284:4-61
	android:theme
		ADDED from src\main\AndroidManifest.xml:285:5-52
	android:name
		ADDED from src\main\AndroidManifest.xml:282:13-60
activity#com.jwkj.activity.ImageBrowser
ADDED from src\main\AndroidManifest.xml:291:3-299:14
	android:screenOrientation
		ADDED from src\main\AndroidManifest.xml:292:4-40
	android:label
		ADDED from src\main\AndroidManifest.xml:295:4-36
	android:windowSoftInputMode
		ADDED from src\main\AndroidManifest.xml:291:59-118
	android:configChanges
		ADDED from src\main\AndroidManifest.xml:293:4-61
	android:theme
		ADDED from src\main\AndroidManifest.xml:294:5-52
	android:name
		ADDED from src\main\AndroidManifest.xml:291:13-58
activity#com.jwkj.activity.SearchListActivity
ADDED from src\main\AndroidManifest.xml:300:3-308:14
	android:screenOrientation
		ADDED from src\main\AndroidManifest.xml:301:4-40
	android:label
		ADDED from src\main\AndroidManifest.xml:304:4-36
	android:windowSoftInputMode
		ADDED from src\main\AndroidManifest.xml:300:65-124
	android:configChanges
		ADDED from src\main\AndroidManifest.xml:302:4-61
	android:theme
		ADDED from src\main\AndroidManifest.xml:303:5-52
	android:name
		ADDED from src\main\AndroidManifest.xml:300:13-64
activity#com.jwkj.activity.ModifyBoundEmailActivity
ADDED from src\main\AndroidManifest.xml:309:3-319:14
	android:clearTaskOnLaunch
		ADDED from src\main\AndroidManifest.xml:313:13-46
	android:screenOrientation
		ADDED from src\main\AndroidManifest.xml:310:4-40
	android:label
		ADDED from src\main\AndroidManifest.xml:315:4-36
	android:windowSoftInputMode
		ADDED from src\main\AndroidManifest.xml:311:4-46
	android:configChanges
		ADDED from src\main\AndroidManifest.xml:309:71-113
	android:alwaysRetainTaskState
		ADDED from src\main\AndroidManifest.xml:312:4-40
	android:theme
		ADDED from src\main\AndroidManifest.xml:314:4-51
	android:name
		ADDED from src\main\AndroidManifest.xml:309:13-70
activity#com.jwkj.activity.ModifyAlarmIdActivity
ADDED from src\main\AndroidManifest.xml:321:3-331:14
	android:clearTaskOnLaunch
		ADDED from src\main\AndroidManifest.xml:325:13-46
	android:screenOrientation
		ADDED from src\main\AndroidManifest.xml:322:4-40
	android:label
		ADDED from src\main\AndroidManifest.xml:327:4-36
	android:windowSoftInputMode
		ADDED from src\main\AndroidManifest.xml:323:4-46
	android:configChanges
		ADDED from src\main\AndroidManifest.xml:321:68-110
	android:alwaysRetainTaskState
		ADDED from src\main\AndroidManifest.xml:324:4-40
	android:theme
		ADDED from src\main\AndroidManifest.xml:326:4-51
	android:name
		ADDED from src\main\AndroidManifest.xml:321:13-67
activity#com.jwkj.activity.AddAlarmMaskIdActivity
ADDED from src\main\AndroidManifest.xml:332:3-342:14
	android:clearTaskOnLaunch
		ADDED from src\main\AndroidManifest.xml:336:13-46
	android:screenOrientation
		ADDED from src\main\AndroidManifest.xml:333:4-40
	android:label
		ADDED from src\main\AndroidManifest.xml:338:4-36
	android:windowSoftInputMode
		ADDED from src\main\AndroidManifest.xml:334:4-46
	android:configChanges
		ADDED from src\main\AndroidManifest.xml:332:69-111
	android:alwaysRetainTaskState
		ADDED from src\main\AndroidManifest.xml:335:4-40
	android:theme
		ADDED from src\main\AndroidManifest.xml:337:4-51
	android:name
		ADDED from src\main\AndroidManifest.xml:332:13-68
activity#com.jwkj.activity.ModifyNpcPasswordActivity
ADDED from src\main\AndroidManifest.xml:343:3-353:14
	android:clearTaskOnLaunch
		ADDED from src\main\AndroidManifest.xml:347:13-46
	android:screenOrientation
		ADDED from src\main\AndroidManifest.xml:344:4-40
	android:label
		ADDED from src\main\AndroidManifest.xml:349:4-36
	android:windowSoftInputMode
		ADDED from src\main\AndroidManifest.xml:345:4-46
	android:configChanges
		ADDED from src\main\AndroidManifest.xml:343:72-114
	android:alwaysRetainTaskState
		ADDED from src\main\AndroidManifest.xml:346:4-40
	android:theme
		ADDED from src\main\AndroidManifest.xml:348:4-51
	android:name
		ADDED from src\main\AndroidManifest.xml:343:13-71
activity#com.jwkj.activity.AddContactActivity
ADDED from src\main\AndroidManifest.xml:354:3-364:14
	android:clearTaskOnLaunch
		ADDED from src\main\AndroidManifest.xml:358:13-46
	android:screenOrientation
		ADDED from src\main\AndroidManifest.xml:355:4-40
	android:label
		ADDED from src\main\AndroidManifest.xml:360:4-36
	android:windowSoftInputMode
		ADDED from src\main\AndroidManifest.xml:356:4-46
	android:configChanges
		ADDED from src\main\AndroidManifest.xml:354:65-107
	android:alwaysRetainTaskState
		ADDED from src\main\AndroidManifest.xml:357:4-40
	android:theme
		ADDED from src\main\AndroidManifest.xml:359:4-51
	android:name
		ADDED from src\main\AndroidManifest.xml:354:13-64
activity#com.jwkj.activity.AddContactNextActivity
ADDED from src\main\AndroidManifest.xml:365:3-375:14
	android:clearTaskOnLaunch
		ADDED from src\main\AndroidManifest.xml:369:13-46
	android:screenOrientation
		ADDED from src\main\AndroidManifest.xml:366:4-40
	android:label
		ADDED from src\main\AndroidManifest.xml:371:4-36
	android:windowSoftInputMode
		ADDED from src\main\AndroidManifest.xml:367:4-46
	android:configChanges
		ADDED from src\main\AndroidManifest.xml:365:69-111
	android:alwaysRetainTaskState
		ADDED from src\main\AndroidManifest.xml:368:4-40
	android:theme
		ADDED from src\main\AndroidManifest.xml:370:4-51
	android:name
		ADDED from src\main\AndroidManifest.xml:365:13-68
activity#com.jwkj.activity.ModifyContactActivity
ADDED from src\main\AndroidManifest.xml:376:3-386:14
	android:clearTaskOnLaunch
		ADDED from src\main\AndroidManifest.xml:380:13-46
	android:screenOrientation
		ADDED from src\main\AndroidManifest.xml:377:4-40
	android:label
		ADDED from src\main\AndroidManifest.xml:382:4-36
	android:windowSoftInputMode
		ADDED from src\main\AndroidManifest.xml:378:4-46
	android:configChanges
		ADDED from src\main\AndroidManifest.xml:376:68-110
	android:alwaysRetainTaskState
		ADDED from src\main\AndroidManifest.xml:379:4-40
	android:theme
		ADDED from src\main\AndroidManifest.xml:381:4-51
	android:name
		ADDED from src\main\AndroidManifest.xml:376:13-67
activity#com.jwkj.activity.ModifyLoginPasswordActivity
ADDED from src\main\AndroidManifest.xml:387:3-397:14
	android:clearTaskOnLaunch
		ADDED from src\main\AndroidManifest.xml:391:13-46
	android:screenOrientation
		ADDED from src\main\AndroidManifest.xml:388:4-40
	android:label
		ADDED from src\main\AndroidManifest.xml:393:4-36
	android:windowSoftInputMode
		ADDED from src\main\AndroidManifest.xml:389:4-46
	android:configChanges
		ADDED from src\main\AndroidManifest.xml:387:74-116
	android:alwaysRetainTaskState
		ADDED from src\main\AndroidManifest.xml:390:4-40
	android:theme
		ADDED from src\main\AndroidManifest.xml:392:4-51
	android:name
		ADDED from src\main\AndroidManifest.xml:387:13-73
activity#com.jwkj.activity.SysNotifyActivity
ADDED from src\main\AndroidManifest.xml:398:3-406:14
	android:screenOrientation
		ADDED from src\main\AndroidManifest.xml:399:4-40
	android:label
		ADDED from src\main\AndroidManifest.xml:402:4-36
	android:configChanges
		ADDED from src\main\AndroidManifest.xml:398:64-106
	android:alwaysRetainTaskState
		ADDED from src\main\AndroidManifest.xml:400:4-40
	android:theme
		ADDED from src\main\AndroidManifest.xml:401:4-51
	android:name
		ADDED from src\main\AndroidManifest.xml:398:13-63
activity#com.jwkj.activity.UnbindPhoneActivity
ADDED from src\main\AndroidManifest.xml:407:3-415:14
	android:screenOrientation
		ADDED from src\main\AndroidManifest.xml:408:4-40
	android:label
		ADDED from src\main\AndroidManifest.xml:411:4-36
	android:configChanges
		ADDED from src\main\AndroidManifest.xml:407:66-108
	android:alwaysRetainTaskState
		ADDED from src\main\AndroidManifest.xml:409:4-40
	android:theme
		ADDED from src\main\AndroidManifest.xml:410:4-51
	android:name
		ADDED from src\main\AndroidManifest.xml:407:13-65
activity#com.jwkj.activity.ModifyAccountEmailActivity
ADDED from src\main\AndroidManifest.xml:416:3-426:14
	android:screenOrientation
		ADDED from src\main\AndroidManifest.xml:419:4-40
	android:label
		ADDED from src\main\AndroidManifest.xml:422:4-36
	android:windowSoftInputMode
		ADDED from src\main\AndroidManifest.xml:418:7-66
	android:configChanges
		ADDED from src\main\AndroidManifest.xml:417:7-49
	android:alwaysRetainTaskState
		ADDED from src\main\AndroidManifest.xml:420:4-40
	android:theme
		ADDED from src\main\AndroidManifest.xml:421:4-51
	android:name
		ADDED from src\main\AndroidManifest.xml:416:13-72
activity#com.jwkj.activity.ModifyAccountPhoneActivity
ADDED from src\main\AndroidManifest.xml:427:3-435:14
	android:screenOrientation
		ADDED from src\main\AndroidManifest.xml:428:4-40
	android:label
		ADDED from src\main\AndroidManifest.xml:431:4-36
	android:configChanges
		ADDED from src\main\AndroidManifest.xml:427:73-115
	android:alwaysRetainTaskState
		ADDED from src\main\AndroidManifest.xml:429:4-40
	android:theme
		ADDED from src\main\AndroidManifest.xml:430:4-51
	android:name
		ADDED from src\main\AndroidManifest.xml:427:13-72
activity#com.jwkj.activity.ModifyAccountPhoneActivity2
ADDED from src\main\AndroidManifest.xml:436:3-444:14
	android:screenOrientation
		ADDED from src\main\AndroidManifest.xml:437:4-40
	android:label
		ADDED from src\main\AndroidManifest.xml:440:4-36
	android:configChanges
		ADDED from src\main\AndroidManifest.xml:436:74-116
	android:alwaysRetainTaskState
		ADDED from src\main\AndroidManifest.xml:438:4-40
	android:theme
		ADDED from src\main\AndroidManifest.xml:439:4-51
	android:name
		ADDED from src\main\AndroidManifest.xml:436:13-73
activity#com.jwkj.activity.ForgetPassword
ADDED from src\main\AndroidManifest.xml:445:3-453:14
	android:screenOrientation
		ADDED from src\main\AndroidManifest.xml:446:7-43
	android:label
		ADDED from src\main\AndroidManifest.xml:449:7-39
	android:configChanges
		ADDED from src\main\AndroidManifest.xml:445:61-103
	android:alwaysRetainTaskState
		ADDED from src\main\AndroidManifest.xml:447:7-43
	android:theme
		ADDED from src\main\AndroidManifest.xml:448:7-54
	android:name
		ADDED from src\main\AndroidManifest.xml:445:13-60
activity#com.jwkj.activity.AltogetherRegisterActivity
ADDED from src\main\AndroidManifest.xml:454:9-462:20
	android:screenOrientation
		ADDED from src\main\AndroidManifest.xml:455:7-43
	android:label
		ADDED from src\main\AndroidManifest.xml:458:7-39
	android:configChanges
		ADDED from src\main\AndroidManifest.xml:454:79-121
	android:alwaysRetainTaskState
		ADDED from src\main\AndroidManifest.xml:456:7-43
	android:theme
		ADDED from src\main\AndroidManifest.xml:457:7-54
	android:name
		ADDED from src\main\AndroidManifest.xml:454:19-78
activity#com.jwkj.activity.ModifyNpcVisitorPasswordActivity
ADDED from src\main\AndroidManifest.xml:463:9-471:20
	android:screenOrientation
		ADDED from src\main\AndroidManifest.xml:464:7-43
	android:label
		ADDED from src\main\AndroidManifest.xml:467:7-39
	android:configChanges
		ADDED from src\main\AndroidManifest.xml:463:85-127
	android:alwaysRetainTaskState
		ADDED from src\main\AndroidManifest.xml:465:7-43
	android:theme
		ADDED from src\main\AndroidManifest.xml:466:7-54
	android:name
		ADDED from src\main\AndroidManifest.xml:463:19-84
activity#com.jwkj.activity.ThreeAddContactActivity
ADDED from src\main\AndroidManifest.xml:472:10-480:20
	android:screenOrientation
		ADDED from src\main\AndroidManifest.xml:473:7-43
	android:label
		ADDED from src\main\AndroidManifest.xml:476:7-39
	android:configChanges
		ADDED from src\main\AndroidManifest.xml:472:77-119
	android:alwaysRetainTaskState
		ADDED from src\main\AndroidManifest.xml:474:7-43
	android:theme
		ADDED from src\main\AndroidManifest.xml:475:7-54
	android:name
		ADDED from src\main\AndroidManifest.xml:472:20-76
activity#com.jwkj.activity.WifiListActivity
ADDED from src\main\AndroidManifest.xml:481:10-489:20
	android:screenOrientation
		ADDED from src\main\AndroidManifest.xml:482:7-43
	android:label
		ADDED from src\main\AndroidManifest.xml:485:7-39
	android:configChanges
		ADDED from src\main\AndroidManifest.xml:481:70-112
	android:alwaysRetainTaskState
		ADDED from src\main\AndroidManifest.xml:483:7-43
	android:theme
		ADDED from src\main\AndroidManifest.xml:484:7-54
	android:name
		ADDED from src\main\AndroidManifest.xml:481:20-69
activity#com.jwkj.activity.QRcodeActivity
ADDED from src\main\AndroidManifest.xml:490:9-498:20
	android:screenOrientation
		ADDED from src\main\AndroidManifest.xml:491:7-43
	android:label
		ADDED from src\main\AndroidManifest.xml:494:7-39
	android:configChanges
		ADDED from src\main\AndroidManifest.xml:490:67-109
	android:alwaysRetainTaskState
		ADDED from src\main\AndroidManifest.xml:492:7-43
	android:theme
		ADDED from src\main\AndroidManifest.xml:493:7-54
	android:name
		ADDED from src\main\AndroidManifest.xml:490:19-66